<?xml version="1.0" encoding="UTF-8"?>
<testng-results skipped="0" failed="0" ignored="0" total="6" passed="6">
  <reporter-output>
  </reporter-output>
  <suite name="Default suite" duration-ms="7933" started-at="2020-12-01T15:43:23Z" finished-at="2020-12-01T15:43:31Z">
    <groups>
    </groups>
    <test name="Default test" duration-ms="7933" started-at="2020-12-01T15:43:23Z" finished-at="2020-12-01T15:43:31Z">
      <class name="com.RestAssuredBDDProject.Tests.LatestApiForForeignExchangeRate">
        <test-method status="PASS" signature="getLatestExchangeRates()[pri:1, instance:com.RestAssuredBDDProject.Tests.LatestApiForForeignExchangeRate@5c3bd550]" name="getLatestExchangeRates" duration-ms="4005" started-at="2020-12-01T15:43:23Z" description="An automated test suite should run which will assert the success status of the response" finished-at="2020-12-01T15:43:27Z">
          <reporter-output>
          </reporter-output>
        </test-method> <!-- getLatestExchangeRates -->
        <test-method status="PASS" signature="verifyExchangeRateResponseForAP()[pri:2, instance:com.RestAssuredBDDProject.Tests.LatestApiForForeignExchangeRate@5c3bd550]" name="verifyExchangeRateResponseForAP" duration-ms="1528" started-at="2020-12-01T15:43:27Z" description="An automated test suite should run which will assert the response" finished-at="2020-12-01T15:43:29Z">
          <reporter-output>
          </reporter-output>
        </test-method> <!-- verifyExchangeRateResponseForAP -->
        <test-method status="PASS" signature="verifyExchangeRateWithInvalidURL()[pri:3, instance:com.RestAssuredBDDProject.Tests.LatestApiForForeignExchangeRate@5c3bd550]" name="verifyExchangeRateWithInvalidURL" duration-ms="671" started-at="2020-12-01T15:43:29Z" description="An automated test suite should run which will assert the success status of the response" finished-at="2020-12-01T15:43:29Z">
          <reporter-output>
          </reporter-output>
        </test-method> <!-- verifyExchangeRateWithInvalidURL -->
        <test-method status="PASS" signature="verifyExchangeRateWithPreviousDate()[pri:4, instance:com.RestAssuredBDDProject.Tests.LatestApiForForeignExchangeRate@5c3bd550]" name="verifyExchangeRateWithPreviousDate" duration-ms="722" started-at="2020-12-01T15:43:29Z" description="An automated test suite should run which will assert the success status of the response" finished-at="2020-12-01T15:43:30Z">
          <reporter-output>
          </reporter-output>
        </test-method> <!-- verifyExchangeRateWithPreviousDate -->
        <test-method status="PASS" signature="verifyExchangeRateForSpecificDate()[pri:5, instance:com.RestAssuredBDDProject.Tests.LatestApiForForeignExchangeRate@5c3bd550]" name="verifyExchangeRateForSpecificDate" duration-ms="318" started-at="2020-12-01T15:43:30Z" description="An automated test suite should run which will assert the success status of the response" finished-at="2020-12-01T15:43:31Z">
          <reporter-output>
          </reporter-output>
        </test-method> <!-- verifyExchangeRateForSpecificDate -->
        <test-method status="PASS" signature="verifyExchangeRateResponseForFutureDate()[pri:5, instance:com.RestAssuredBDDProject.Tests.LatestApiForForeignExchangeRate@5c3bd550]" name="verifyExchangeRateResponseForFutureDate" duration-ms="614" started-at="2020-12-01T15:43:31Z" description="An automated test suite should run which will assert the success status of the response" finished-at="2020-12-01T15:43:31Z">
          <reporter-output>
          </reporter-output>
        </test-method> <!-- verifyExchangeRateResponseForFutureDate -->
      </class> <!-- com.RestAssuredBDDProject.Tests.LatestApiForForeignExchangeRate -->
    </test> <!-- Default test -->
  </suite> <!-- Default suite -->
</testng-results>
